[0515/104529:WARNING:quota_manager.cc(1833)] Create directory failed for path
[0515/104529:WARNING:quota_manager.cc(1833)] Create directory failed for path
[0515/104529:WARNING:quota_manager.cc(1833)] Create directory failed for path
[0515/104529:WARNING:spdy_session.cc(2455)] Received HEADERS for invalid stream 1763
[0515/104559:WARNING:quota_manager.cc(1833)] Create directory failed for path
[0515/104603:WARNING:quota_manager.cc(1833)] Create directory failed for path
[0515/104603:WARNING:quota_manager.cc(1833)] Create directory failed for path
[0515/104609:WARNING:quota_manager.cc(1833)] Create directory failed for path
[0515/104631:WARNING:quota_manager.cc(1833)] Create directory failed for path
[0515/104631:WARNING:quota_manager.cc(1833)] Create directory failed for path
[0515/104631:WARNING:quota_manager.cc(1833)] Create directory failed for path
[0515/104657:WARNING:quota_manager.cc(1833)] Create directory failed for path
[0515/104657:WARNING:quota_manager.cc(1833)] Create directory failed for path
[0515/104657:WARNING:quota_manager.cc(1833)] Create directory failed for path
[0515/104657:WARNING:quota_manager.cc(1833)] Create directory failed for path
[0515/104657:WARNING:quota_manager.cc(1833)] Create directory failed for path
[0515/104657:WARNING:quota_manager.cc(1833)] Create directory failed for path
[0515/104657:WARNING:quota_manager.cc(1833)] Create directory failed for path
[0515/104657:WARNING:quota_manager.cc(1833)] Create directory failed for path
[0515/104657:WARNING:quota_manager.cc(1833)] Create directory failed for path
[0515/104658:WARNING:quota_manager.cc(1833)] Create directory failed for path
[0515/104658:WARNING:quota_manager.cc(1833)] Create directory failed for path
[0515/104658:WARNING:quota_manager.cc(1833)] Create directory failed for path
[0515/104659:WARNING:quota_manager.cc(1833)] Create directory failed for path
[0515/104659:WARNING:quota_manager.cc(1833)] Create directory failed for path
[0515/104659:WARNING:quota_manager.cc(1833)] Create directory failed for path
[0515/104659:WARNING:quota_manager.cc(1833)] Create directory failed for path
[0515/104659:WARNING:quota_manager.cc(1833)] Create directory failed for path
[0515/104659:WARNING:quota_manager.cc(1833)] Create directory failed for path
[0515/104700:WARNING:quota_manager.cc(1833)] Create directory failed for path
[0515/104700:WARNING:quota_manager.cc(1833)] Create directory failed for path
[0515/104700:WARNING:quota_manager.cc(1833)] Create directory failed for path
[0515/104700:WARNING:quota_manager.cc(1833)] Create directory failed for path
[0515/104700:WARNING:quota_manager.cc(1833)] Create directory failed for path
[0515/104700:WARNING:quota_manager.cc(1833)] Create directory failed for path
[0515/104701:WARNING:quota_manager.cc(1833)] Create directory failed for path
[0515/104701:WARNING:quota_manager.cc(1833)] Create directory failed for path
[0515/104701:WARNING:quota_manager.cc(1833)] Create directory failed for path
[0515/104701:WARNING:quota_manager.cc(1833)] Create directory failed for path
[0515/104718:WARNING:quota_manager.cc(1833)] Create directory failed for path
[0515/104733:WARNING:quota_manager.cc(1833)] Create directory failed for path
[0515/104733:WARNING:quota_manager.cc(1833)] Create directory failed for path
[0515/104733:WARNING:quota_manager.cc(1833)] Create directory failed for path
[0515/104734:WARNING:quota_manager.cc(1833)] Create directory failed for path
[0515/104742:WARNING:quota_manager.cc(1833)] Create directory failed for path
[0515/104742:WARNING:quota_manager.cc(1833)] Create directory failed for path
[0515/104742:WARNING:quota_manager.cc(1833)] Create directory failed for path
[0515/104742:WARNING:quota_manager.cc(1833)] Create directory failed for path
[0515/104758:WARNING:quota_manager.cc(1833)] Create directory failed for path
[0515/104758:WARNING:quota_manager.cc(1833)] Create directory failed for path
[0515/104758:WARNING:quota_manager.cc(1833)] Create directory failed for path
[0515/104759:WARNING:quota_manager.cc(1833)] Create directory failed for path
[0515/104759:WARNING:quota_manager.cc(1833)] Create directory failed for path
[0515/104759:WARNING:quota_manager.cc(1833)] Create directory failed for path
[0515/104759:WARNING:quota_manager.cc(1833)] Create directory failed for path
[0515/104759:WARNING:quota_manager.cc(1833)] Create directory failed for path
[0515/104759:WARNING:quota_manager.cc(1833)] Create directory failed for path
[0515/104800:WARNING:quota_manager.cc(1833)] Create directory failed for path
[0515/104800:WARNING:quota_manager.cc(1833)] Create directory failed for path
[0515/104800:WARNING:quota_manager.cc(1833)] Create directory failed for path
[0515/104800:WARNING:quota_manager.cc(1833)] Create directory failed for path
[0515/104800:WARNING:quota_manager.cc(1833)] Create directory failed for path
[0515/104800:WARNING:quota_manager.cc(1833)] Create directory failed for path
[0515/104800:WARNING:quota_manager.cc(1833)] Create directory failed for path
[0515/104801:WARNING:quota_manager.cc(1833)] Create directory failed for path
[0515/104801:WARNING:quota_manager.cc(1833)] Create directory failed for path
[0515/104801:WARNING:quota_manager.cc(1833)] Create directory failed for path
[0515/104801:WARNING:quota_manager.cc(1833)] Create directory failed for path
[0515/104801:WARNING:quota_manager.cc(1833)] Create directory failed for path
[0515/104802:WARNING:quota_manager.cc(1833)] Create directory failed for path
[0515/104802:WARNING:quota_manager.cc(1833)] Create directory failed for path
[0515/104802:WARNING:quota_manager.cc(1833)] Create directory failed for path
[0515/104802:WARNING:quota_manager.cc(1833)] Create directory failed for path
[0515/104802:WARNING:quota_manager.cc(1833)] Create directory failed for path
[0515/104802:WARNING:quota_manager.cc(1833)] Create directory failed for path
[0515/104802:WARNING:quota_manager.cc(1833)] Create directory failed for path
[0515/104804:FATAL:memory.cc(19)] Out of memory. size=4194304
Error initializing symbols (8).  Dumping unresolved backtrace:
	562AA267
	56272751
	581E35E1
	5764D64D
	5764D2E7
	58489DCE
	58488FE2
	58489B0A
	5848A157
	5848900B
	58488D78
	5848B01F
	575C8F64
	575C8E4E
	575C8E7F
	562900B2
	7776FA29
	77967A4E
	77967A1E

[0515/104816:WARNING:quota_manager.cc(1833)] Create directory failed for path
[0515/104823:WARNING:quota_manager.cc(1833)] Create directory failed for path
[0515/104839:WARNING:quota_manager.cc(1833)] Create directory failed for path
[0515/104839:WARNING:quota_manager.cc(1833)] Create directory failed for path
[0515/104839:WARNING:quota_manager.cc(1833)] Create directory failed for path
[0515/104840:WARNING:quota_manager.cc(1833)] Create directory failed for path
[0515/104905:WARNING:quota_manager.cc(1833)] Create directory failed for path
[0515/104905:WARNING:quota_manager.cc(1833)] Create directory failed for path
[0515/104905:WARNING:quota_manager.cc(1833)] Create directory failed for path
[0515/104906:WARNING:quota_manager.cc(1833)] Create directory failed for path
[0515/104906:WARNING:quota_manager.cc(1833)] Create directory failed for path
[0515/104906:WARNING:quota_manager.cc(1833)] Create directory failed for path
[0515/104907:WARNING:quota_manager.cc(1833)] Create directory failed for path
[0515/104907:WARNING:quota_manager.cc(1833)] Create directory failed for path
[0515/104907:WARNING:quota_manager.cc(1833)] Create directory failed for path
[0515/104907:WARNING:quota_manager.cc(1833)] Create directory failed for path
[0515/104908:WARNING:quota_manager.cc(1833)] Create directory failed for path
[0515/104908:WARNING:quota_manager.cc(1833)] Create directory failed for path
[0515/104908:WARNING:quota_manager.cc(1833)] Create directory failed for path
[0515/104908:WARNING:quota_manager.cc(1833)] Create directory failed for path
[0515/104908:WARNING:quota_manager.cc(1833)] Create directory failed for path
[0515/104909:WARNING:quota_manager.cc(1833)] Create directory failed for path
[0515/104909:WARNING:quota_manager.cc(1833)] Create directory failed for path
[0515/104909:WARNING:quota_manager.cc(1833)] Create directory failed for path
[0515/104910:WARNING:quota_manager.cc(1833)] Create directory failed for path
[0515/104910:WARNING:quota_manager.cc(1833)] Create directory failed for path
[0515/104910:WARNING:quota_manager.cc(1833)] Create directory failed for path
[0515/104911:WARNING:quota_manager.cc(1833)] Create directory failed for path
[0515/104911:WARNING:quota_manager.cc(1833)] Create directory failed for path
[0515/104911:WARNING:quota_manager.cc(1833)] Create directory failed for path
[0515/104911:WARNING:quota_manager.cc(1833)] Create directory failed for path
[0515/104911:WARNING:quota_manager.cc(1833)] Create directory failed for path
[0515/104911:WARNING:quota_manager.cc(1833)] Create directory failed for path
[0515/104912:WARNING:quota_manager.cc(1833)] Create directory failed for path
[0515/104929:WARNING:spdy_session.cc(2455)] Received HEADERS for invalid stream 3193
[0515/104929:WARNING:spdy_session.cc(2455)] Received HEADERS for invalid stream 3195
[0515/104929:WARNING:spdy_session.cc(2455)] Received HEADERS for invalid stream 3197
[0515/104929:WARNING:spdy_session.cc(2455)] Received HEADERS for invalid stream 3199
[0515/104929:WARNING:spdy_session.cc(2455)] Received HEADERS for invalid stream 3209
[0515/104929:WARNING:spdy_session.cc(2455)] Received HEADERS for invalid stream 3201
[0515/104929:WARNING:spdy_session.cc(2455)] Received HEADERS for invalid stream 3205
[0515/104929:WARNING:spdy_session.cc(2455)] Received HEADERS for invalid stream 3211
[0515/104929:WARNING:spdy_session.cc(2455)] Received HEADERS for invalid stream 3203
[0515/104929:WARNING:spdy_session.cc(2455)] Received HEADERS for invalid stream 3213
[0515/104929:WARNING:spdy_session.cc(2455)] Received HEADERS for invalid stream 3207
[0515/104929:WARNING:spdy_session.cc(2455)] Received HEADERS for invalid stream 3217
[0515/104929:WARNING:spdy_session.cc(2455)] Received HEADERS for invalid stream 3223
[0515/104929:WARNING:spdy_session.cc(2455)] Received HEADERS for invalid stream 3219
[0515/104929:WARNING:spdy_session.cc(2455)] Received HEADERS for invalid stream 3221
[0515/104929:WARNING:spdy_session.cc(2455)] Received HEADERS for invalid stream 3215
[0515/104933:WARNING:quota_manager.cc(1833)] Create directory failed for path
[0515/104938:WARNING:quota_manager.cc(1833)] Create directory failed for path
[0515/104946:WARNING:quota_manager.cc(1833)] Create directory failed for path
[0515/104958:WARNING:quota_manager.cc(1833)] Create directory failed for path
[0515/104958:WARNING:quota_manager.cc(1833)] Create directory failed for path
[0515/104958:WARNING:quota_manager.cc(1833)] Create directory failed for path
[0515/105000:WARNING:quota_manager.cc(1833)] Create directory failed for path
[0515/105000:WARNING:quota_manager.cc(1833)] Create directory failed for path
[0515/105000:WARNING:quota_manager.cc(1833)] Create directory failed for path
[0515/105001:WARNING:quota_manager.cc(1833)] Create directory failed for path
[0515/105001:WARNING:quota_manager.cc(1833)] Create directory failed for path
[0515/105001:WARNING:quota_manager.cc(1833)] Create directory failed for path
[0515/105001:WARNING:quota_manager.cc(1833)] Create directory failed for path
[0515/105001:WARNING:quota_manager.cc(1833)] Create directory failed for path
[0515/105001:WARNING:quota_manager.cc(1833)] Create directory failed for path
[0515/105002:WARNING:quota_manager.cc(1833)] Create directory failed for path
[0515/105002:WARNING:quota_manager.cc(1833)] Create directory failed for path
[0515/105002:WARNING:quota_manager.cc(1833)] Create directory failed for path
[0515/105003:WARNING:quota_manager.cc(1833)] Create directory failed for path
[0515/105003:WARNING:quota_manager.cc(1833)] Create directory failed for path
[0515/105003:WARNING:quota_manager.cc(1833)] Create directory failed for path
[0515/105004:WARNING:quota_manager.cc(1833)] Create directory failed for path
[0515/105004:WARNING:quota_manager.cc(1833)] Create directory failed for path
[0515/105004:WARNING:quota_manager.cc(1833)] Create directory failed for path
[0515/105005:WARNING:quota_manager.cc(1833)] Create directory failed for path
[0515/105005:WARNING:quota_manager.cc(1833)] Create directory failed for path
[0515/105005:WARNING:quota_manager.cc(1833)] Create directory failed for path
[0515/105005:WARNING:quota_manager.cc(1833)] Create directory failed for path
[0515/105005:WARNING:quota_manager.cc(1833)] Create directory failed for path
[0515/105005:WARNING:quota_manager.cc(1833)] Create directory failed for path
[0515/105006:WARNING:spdy_session.cc(2455)] Received HEADERS for invalid stream 279
[0515/105006:WARNING:quota_manager.cc(1833)] Create directory failed for path
[0515/105039:WARNING:quota_manager.cc(1833)] Create directory failed for path
[0515/105039:WARNING:quota_manager.cc(1833)] Create directory failed for path
[0515/105039:WARNING:quota_manager.cc(1833)] Create directory failed for path
[0515/105041:WARNING:quota_manager.cc(1833)] Create directory failed for path
[0515/105041:WARNING:quota_manager.cc(1833)] Create directory failed for path
[0515/105041:WARNING:quota_manager.cc(1833)] Create directory failed for path
[0515/105042:WARNING:quota_manager.cc(1833)] Create directory failed for path
[0515/105042:WARNING:quota_manager.cc(1833)] Create directory failed for path
[0515/105042:WARNING:quota_manager.cc(1833)] Create directory failed for path
[0515/105043:WARNING:quota_manager.cc(1833)] Create directory failed for path
[0515/105043:WARNING:quota_manager.cc(1833)] Create directory failed for path
[0515/105043:WARNING:quota_manager.cc(1833)] Create directory failed for path
[0515/105046:WARNING:quota_manager.cc(1833)] Create directory failed for path
[0515/105046:WARNING:quota_manager.cc(1833)] Create directory failed for path
[0515/105046:WARNING:quota_manager.cc(1833)] Create directory failed for path
[0515/105047:WARNING:quota_manager.cc(1833)] Create directory failed for path
[0515/105047:WARNING:quota_manager.cc(1833)] Create directory failed for path
[0515/105047:WARNING:quota_manager.cc(1833)] Create directory failed for path
[0515/105048:WARNING:quota_manager.cc(1833)] Create directory failed for path
[0515/105048:WARNING:quota_manager.cc(1833)] Create directory failed for path
[0515/105048:WARNING:quota_manager.cc(1833)] Create directory failed for path
[0515/105050:WARNING:quota_manager.cc(1833)] Create directory failed for path
[0515/105050:WARNING:quota_manager.cc(1833)] Create directory failed for path
[0515/105050:WARNING:quota_manager.cc(1833)] Create directory failed for path
[0515/105050:WARNING:quota_manager.cc(1833)] Create directory failed for path
[0515/105050:WARNING:quota_manager.cc(1833)] Create directory failed for path
[0515/105050:WARNING:quota_manager.cc(1833)] Create directory failed for path
[0515/105050:WARNING:quota_manager.cc(1833)] Create directory failed for path
[0515/105051:WARNING:spdy_session.cc(2455)] Received HEADERS for invalid stream 343
[0515/105110:WARNING:quota_manager.cc(1833)] Create directory failed for path
[0515/105110:WARNING:quota_manager.cc(1833)] Create directory failed for path
[0515/105110:WARNING:quota_manager.cc(1833)] Create directory failed for path
[0515/105112:WARNING:quota_manager.cc(1833)] Create directory failed for path
[0515/105112:WARNING:quota_manager.cc(1833)] Create directory failed for path
[0515/105112:WARNING:quota_manager.cc(1833)] Create directory failed for path
[0515/105113:WARNING:quota_manager.cc(1833)] Create directory failed for path
[0515/105113:WARNING:quota_manager.cc(1833)] Create directory failed for path
[0515/105113:WARNING:quota_manager.cc(1833)] Create directory failed for path
[0515/105115:WARNING:quota_manager.cc(1833)] Create directory failed for path
[0515/105115:WARNING:quota_manager.cc(1833)] Create directory failed for path
[0515/105115:WARNING:quota_manager.cc(1833)] Create directory failed for path
[0515/105116:WARNING:quota_manager.cc(1833)] Create directory failed for path
[0515/105116:WARNING:quota_manager.cc(1833)] Create directory failed for path
[0515/105116:WARNING:quota_manager.cc(1833)] Create directory failed for path
[0515/105117:WARNING:quota_manager.cc(1833)] Create directory failed for path
[0515/105118:WARNING:quota_manager.cc(1833)] Create directory failed for path
[0515/105118:WARNING:quota_manager.cc(1833)] Create directory failed for path
[0515/105119:WARNING:quota_manager.cc(1833)] Create directory failed for path
[0515/105119:WARNING:quota_manager.cc(1833)] Create directory failed for path
[0515/105119:WARNING:quota_manager.cc(1833)] Create directory failed for path
[0515/105120:WARNING:quota_manager.cc(1833)] Create directory failed for path
[0515/105120:WARNING:quota_manager.cc(1833)] Create directory failed for path
[0515/105120:WARNING:quota_manager.cc(1833)] Create directory failed for path
[0515/105120:WARNING:quota_manager.cc(1833)] Create directory failed for path
[0515/105120:WARNING:quota_manager.cc(1833)] Create directory failed for path
[0515/105120:WARNING:quota_manager.cc(1833)] Create directory failed for path
[0515/105121:WARNING:quota_manager.cc(1833)] Create directory failed for path
[0515/105139:WARNING:quota_manager.cc(1833)] Create directory failed for path
[0515/105139:WARNING:quota_manager.cc(1833)] Create directory failed for path
[0515/105139:WARNING:quota_manager.cc(1833)] Create directory failed for path
[0515/105141:WARNING:quota_manager.cc(1833)] Create directory failed for path
[0515/105141:WARNING:quota_manager.cc(1833)] Create directory failed for path
[0515/105141:WARNING:quota_manager.cc(1833)] Create directory failed for path
[0515/105142:WARNING:quota_manager.cc(1833)] Create directory failed for path
[0515/105142:WARNING:quota_manager.cc(1833)] Create directory failed for path
[0515/105142:WARNING:quota_manager.cc(1833)] Create directory failed for path
[0515/105144:WARNING:quota_manager.cc(1833)] Create directory failed for path
[0515/105144:WARNING:quota_manager.cc(1833)] Create directory failed for path
[0515/105144:WARNING:quota_manager.cc(1833)] Create directory failed for path
[0515/105145:WARNING:quota_manager.cc(1833)] Create directory failed for path
[0515/105145:WARNING:quota_manager.cc(1833)] Create directory failed for path
[0515/105145:WARNING:quota_manager.cc(1833)] Create directory failed for path
[0515/105147:WARNING:quota_manager.cc(1833)] Create directory failed for path
[0515/105147:WARNING:quota_manager.cc(1833)] Create directory failed for path
[0515/105147:WARNING:quota_manager.cc(1833)] Create directory failed for path
[0515/105148:WARNING:quota_manager.cc(1833)] Create directory failed for path
[0515/105148:WARNING:quota_manager.cc(1833)] Create directory failed for path
[0515/105149:WARNING:quota_manager.cc(1833)] Create directory failed for path
[0515/105150:WARNING:quota_manager.cc(1833)] Create directory failed for path
[0515/105150:WARNING:quota_manager.cc(1833)] Create directory failed for path
[0515/105150:WARNING:quota_manager.cc(1833)] Create directory failed for path
[0515/105150:WARNING:quota_manager.cc(1833)] Create directory failed for path
[0515/105150:WARNING:quota_manager.cc(1833)] Create directory failed for path
[0515/105150:WARNING:quota_manager.cc(1833)] Create directory failed for path
[0515/105150:WARNING:quota_manager.cc(1833)] Create directory failed for path
[0515/105207:WARNING:quota_manager.cc(1833)] Create directory failed for path
[0515/105207:WARNING:quota_manager.cc(1833)] Create directory failed for path
[0515/105207:WARNING:quota_manager.cc(1833)] Create directory failed for path
[0515/105209:WARNING:quota_manager.cc(1833)] Create directory failed for path
[0515/105209:WARNING:quota_manager.cc(1833)] Create directory failed for path
[0515/105209:WARNING:quota_manager.cc(1833)] Create directory failed for path
[0515/105211:WARNING:quota_manager.cc(1833)] Create directory failed for path
[0515/105211:WARNING:quota_manager.cc(1833)] Create directory failed for path
[0515/105211:WARNING:quota_manager.cc(1833)] Create directory failed for path
[0515/105212:WARNING:quota_manager.cc(1833)] Create directory failed for path
[0515/105212:WARNING:quota_manager.cc(1833)] Create directory failed for path
[0515/105212:WARNING:quota_manager.cc(1833)] Create directory failed for path
[0515/105213:WARNING:quota_manager.cc(1833)] Create directory failed for path
[0515/105213:WARNING:quota_manager.cc(1833)] Create directory failed for path
[0515/105213:WARNING:quota_manager.cc(1833)] Create directory failed for path
[0515/105215:WARNING:quota_manager.cc(1833)] Create directory failed for path
[0515/105215:WARNING:quota_manager.cc(1833)] Create directory failed for path
[0515/105215:WARNING:quota_manager.cc(1833)] Create directory failed for path
[0515/105216:WARNING:quota_manager.cc(1833)] Create directory failed for path
[0515/105216:WARNING:quota_manager.cc(1833)] Create directory failed for path
[0515/105216:WARNING:quota_manager.cc(1833)] Create directory failed for path
[0515/105217:WARNING:quota_manager.cc(1833)] Create directory failed for path
[0515/105217:WARNING:quota_manager.cc(1833)] Create directory failed for path
[0515/105217:WARNING:quota_manager.cc(1833)] Create directory failed for path
[0515/105217:WARNING:quota_manager.cc(1833)] Create directory failed for path
[0515/105217:WARNING:quota_manager.cc(1833)] Create directory failed for path
[0515/105217:WARNING:quota_manager.cc(1833)] Create directory failed for path
[0515/105218:WARNING:quota_manager.cc(1833)] Create directory failed for path
[0515/105236:WARNING:quota_manager.cc(1833)] Create directory failed for path
[0515/105236:WARNING:quota_manager.cc(1833)] Create directory failed for path
[0515/105236:WARNING:quota_manager.cc(1833)] Create directory failed for path
[0515/105237:WARNING:quota_manager.cc(1833)] Create directory failed for path
[0515/105237:WARNING:quota_manager.cc(1833)] Create directory failed for path
[0515/105237:WARNING:quota_manager.cc(1833)] Create directory failed for path
[0515/105238:WARNING:quota_manager.cc(1833)] Create directory failed for path
[0515/105238:WARNING:quota_manager.cc(1833)] Create directory failed for path
[0515/105238:WARNING:quota_manager.cc(1833)] Create directory failed for path
[0515/105239:WARNING:quota_manager.cc(1833)] Create directory failed for path
[0515/105239:WARNING:quota_manager.cc(1833)] Create directory failed for path
[0515/105239:WARNING:quota_manager.cc(1833)] Create directory failed for path
[0515/105240:WARNING:quota_manager.cc(1833)] Create directory failed for path
[0515/105240:WARNING:quota_manager.cc(1833)] Create directory failed for path
[0515/105240:WARNING:quota_manager.cc(1833)] Create directory failed for path
[0515/105241:WARNING:quota_manager.cc(1833)] Create directory failed for path
[0515/105242:WARNING:quota_manager.cc(1833)] Create directory failed for path
[0515/105242:WARNING:quota_manager.cc(1833)] Create directory failed for path
[0515/105242:WARNING:quota_manager.cc(1833)] Create directory failed for path
[0515/105242:WARNING:quota_manager.cc(1833)] Create directory failed for path
[0515/105242:WARNING:quota_manager.cc(1833)] Create directory failed for path
[0515/105243:WARNING:quota_manager.cc(1833)] Create directory failed for path
[0515/105243:WARNING:quota_manager.cc(1833)] Create directory failed for path
[0515/105243:WARNING:quota_manager.cc(1833)] Create directory failed for path
[0515/105243:WARNING:quota_manager.cc(1833)] Create directory failed for path
[0515/105244:WARNING:quota_manager.cc(1833)] Create directory failed for path
[0515/105244:WARNING:quota_manager.cc(1833)] Create directory failed for path
[0515/105244:WARNING:quota_manager.cc(1833)] Create directory failed for path
[0515/105304:WARNING:quota_manager.cc(1833)] Create directory failed for path
[0515/105304:WARNING:quota_manager.cc(1833)] Create directory failed for path
[0515/105304:WARNING:quota_manager.cc(1833)] Create directory failed for path
[0515/105305:WARNING:quota_manager.cc(1833)] Create directory failed for path
[0515/105305:WARNING:quota_manager.cc(1833)] Create directory failed for path
[0515/105305:WARNING:quota_manager.cc(1833)] Create directory failed for path
[0515/105306:WARNING:quota_manager.cc(1833)] Create directory failed for path
[0515/105306:WARNING:quota_manager.cc(1833)] Create directory failed for path
[0515/105306:WARNING:quota_manager.cc(1833)] Create directory failed for path
[0515/105307:WARNING:quota_manager.cc(1833)] Create directory failed for path
[0515/105307:WARNING:quota_manager.cc(1833)] Create directory failed for path
[0515/105307:WARNING:quota_manager.cc(1833)] Create directory failed for path
[0515/105308:WARNING:quota_manager.cc(1833)] Create directory failed for path
[0515/105308:WARNING:quota_manager.cc(1833)] Create directory failed for path
[0515/105308:WARNING:quota_manager.cc(1833)] Create directory failed for path
[0515/105308:WARNING:quota_manager.cc(1833)] Create directory failed for path
[0515/105308:WARNING:quota_manager.cc(1833)] Create directory failed for path
[0515/105308:WARNING:quota_manager.cc(1833)] Create directory failed for path
[0515/105309:WARNING:quota_manager.cc(1833)] Create directory failed for path
[0515/105309:WARNING:quota_manager.cc(1833)] Create directory failed for path
[0515/105309:WARNING:quota_manager.cc(1833)] Create directory failed for path
[0515/105309:WARNING:quota_manager.cc(1833)] Create directory failed for path
[0515/105407:WARNING:quota_manager.cc(1833)] Create directory failed for path
[0515/105407:WARNING:quota_manager.cc(1833)] Create directory failed for path
[0515/105407:WARNING:quota_manager.cc(1833)] Create directory failed for path
[0515/105413:WARNING:quota_manager.cc(1833)] Create directory failed for path
[0515/105423:WARNING:quota_manager.cc(1833)] Create directory failed for path
[0515/105423:WARNING:quota_manager.cc(1833)] Create directory failed for path
[0515/105423:WARNING:quota_manager.cc(1833)] Create directory failed for path
[0515/105427:WARNING:quota_manager.cc(1833)] Create directory failed for path
[0515/105434:WARNING:quota_manager.cc(1833)] Create directory failed for path
[0515/105434:WARNING:quota_manager.cc(1833)] Create directory failed for path
[0515/105438:WARNING:quota_manager.cc(1833)] Create directory failed for path
[0515/105439:WARNING:quota_manager.cc(1833)] Create directory failed for path
[0515/105443:WARNING:quota_manager.cc(1833)] Create directory failed for path
[0515/105443:WARNING:quota_manager.cc(1833)] Create directory failed for path
[0515/105443:WARNING:quota_manager.cc(1833)] Create directory failed for path
[0515/105851:WARNING:quota_manager.cc(1833)] Create directory failed for path
[0515/105852:WARNING:quota_manager.cc(1833)] Create directory failed for path
[0515/105852:WARNING:quota_manager.cc(1833)] Create directory failed for path
[0515/105853:WARNING:quota_manager.cc(1833)] Create directory failed for path
[0515/105853:WARNING:quota_manager.cc(1833)] Create directory failed for path
[0515/105858:WARNING:quota_manager.cc(1833)] Create directory failed for path
[0515/105858:WARNING:quota_manager.cc(1833)] Create directory failed for path
[0515/105858:WARNING:quota_manager.cc(1833)] Create directory failed for path
[0515/105859:WARNING:quota_manager.cc(1833)] Create directory failed for path
[0515/105903:WARNING:quota_manager.cc(1833)] Create directory failed for path
[0515/105910:WARNING:quota_manager.cc(1833)] Create directory failed for path
[0515/105910:WARNING:quota_manager.cc(1833)] Create directory failed for path
[0515/105910:WARNING:quota_manager.cc(1833)] Create directory failed for path
[0515/105910:WARNING:quota_manager.cc(1833)] Create directory failed for path
[0515/110605:WARNING:quota_manager.cc(1833)] Create directory failed for path
[0515/113605:WARNING:quota_manager.cc(1833)] Create directory failed for path
[0515/120038:WARNING:quota_manager.cc(1833)] Create directory failed for path
[0515/120054:WARNING:quota_manager.cc(1833)] Create directory failed for path
[0515/120058:WARNING:quota_manager.cc(1833)] Create directory failed for path
[0515/120059:WARNING:quota_manager.cc(1833)] Create directory failed for path
[0515/120101:WARNING:quota_manager.cc(1833)] Create directory failed for path
[0515/120101:WARNING:quota_manager.cc(1833)] Create directory failed for path
[0515/120101:WARNING:quota_manager.cc(1833)] Create directory failed for path
[0515/120101:WARNING:quota_manager.cc(1833)] Create directory failed for path
[0515/120104:WARNING:quota_manager.cc(1833)] Create directory failed for path
[0515/120424:WARNING:quota_manager.cc(1833)] Create directory failed for path
[0515/120426:WARNING:quota_manager.cc(1833)] Create directory failed for path
[0515/120426:WARNING:quota_manager.cc(1833)] Create directory failed for path
[0515/120433:WARNING:quota_manager.cc(1833)] Create directory failed for path
[0515/120433:WARNING:quota_manager.cc(1833)] Create directory failed for path
[0515/120434:WARNING:quota_manager.cc(1833)] Create directory failed for path
[0515/120437:WARNING:quota_manager.cc(1833)] Create directory failed for path
[0515/120437:WARNING:quota_manager.cc(1833)] Create directory failed for path
[0515/120440:WARNING:quota_manager.cc(1833)] Create directory failed for path
[0515/120440:WARNING:quota_manager.cc(1833)] Create directory failed for path
[0515/120502:WARNING:quota_manager.cc(1833)] Create directory failed for path
[0515/120502:WARNING:quota_manager.cc(1833)] Create directory failed for path
[0515/120515:WARNING:quota_manager.cc(1833)] Create directory failed for path
[0515/120515:WARNING:quota_manager.cc(1833)] Create directory failed for path
[0515/120516:WARNING:quota_manager.cc(1833)] Create directory failed for path
[0515/120516:WARNING:quota_manager.cc(1833)] Create directory failed for path
[0515/120516:WARNING:quota_manager.cc(1833)] Create directory failed for path
[0515/120516:WARNING:quota_manager.cc(1833)] Create directory failed for path
[0515/120605:WARNING:quota_manager.cc(1833)] Create directory failed for path
[0515/121101:WARNING:quota_manager.cc(1833)] Create directory failed for path
[0515/121101:WARNING:quota_manager.cc(1833)] Create directory failed for path
[0515/121101:WARNING:quota_manager.cc(1833)] Create directory failed for path
[0515/121102:WARNING:quota_manager.cc(1833)] Create directory failed for path
[0515/121106:WARNING:quota_manager.cc(1833)] Create directory failed for path
[0515/121106:WARNING:quota_manager.cc(1833)] Create directory failed for path
[0515/121109:WARNING:quota_manager.cc(1833)] Create directory failed for path
[0515/121109:WARNING:quota_manager.cc(1833)] Create directory failed for path
[0515/121109:WARNING:quota_manager.cc(1833)] Create directory failed for path
[0515/121109:WARNING:quota_manager.cc(1833)] Create directory failed for path
[0515/121112:WARNING:quota_manager.cc(1833)] Create directory failed for path
[0515/121112:WARNING:quota_manager.cc(1833)] Create directory failed for path
[0515/121119:WARNING:quota_manager.cc(1833)] Create directory failed for path
[0515/121120:WARNING:quota_manager.cc(1833)] Create directory failed for path
[0515/121127:WARNING:quota_manager.cc(1833)] Create directory failed for path
[0515/121127:WARNING:quota_manager.cc(1833)] Create directory failed for path
[0515/121127:WARNING:quota_manager.cc(1833)] Create directory failed for path
[0515/121352:WARNING:quota_manager.cc(1833)] Create directory failed for path
[0515/121352:WARNING:quota_manager.cc(1833)] Create directory failed for path
[0515/121352:WARNING:quota_manager.cc(1833)] Create directory failed for path
[0515/121406:WARNING:quota_manager.cc(1833)] Create directory failed for path
[0515/121406:WARNING:quota_manager.cc(1833)] Create directory failed for path
[0515/121406:WARNING:quota_manager.cc(1833)] Create directory failed for path
[0515/121414:WARNING:quota_manager.cc(1833)] Create directory failed for path
[0515/121417:WARNING:quota_manager.cc(1833)] Create directory failed for path
[0515/121421:WARNING:quota_manager.cc(1833)] Create directory failed for path
[0515/121424:WARNING:quota_manager.cc(1833)] Create directory failed for path
[0515/121426:WARNING:quota_manager.cc(1833)] Create directory failed for path
[0515/121427:WARNING:quota_manager.cc(1833)] Create directory failed for path
[0515/121436:WARNING:quota_manager.cc(1833)] Create directory failed for path
[0515/121436:WARNING:quota_manager.cc(1833)] Create directory failed for path
[0515/121436:WARNING:quota_manager.cc(1833)] Create directory failed for path
[0515/121449:WARNING:quota_manager.cc(1833)] Create directory failed for path
[0515/121449:WARNING:quota_manager.cc(1833)] Create directory failed for path
[0515/121449:WARNING:quota_manager.cc(1833)] Create directory failed for path
[0515/121455:WARNING:quota_manager.cc(1833)] Create directory failed for path
[0515/121455:WARNING:quota_manager.cc(1833)] Create directory failed for path
[0515/121455:WARNING:quota_manager.cc(1833)] Create directory failed for path
[0515/121456:WARNING:quota_manager.cc(1833)] Create directory failed for path
[0515/121456:WARNING:quota_manager.cc(1833)] Create directory failed for path
[0515/121456:WARNING:quota_manager.cc(1833)] Create directory failed for path
[0515/121456:WARNING:quota_manager.cc(1833)] Create directory failed for path
[0515/121456:WARNING:quota_manager.cc(1833)] Create directory failed for path
[0515/121456:WARNING:quota_manager.cc(1833)] Create directory failed for path
[0515/121456:WARNING:quota_manager.cc(1833)] Create directory failed for path
[0515/121456:WARNING:quota_manager.cc(1833)] Create directory failed for path
[0515/121457:WARNING:quota_manager.cc(1833)] Create directory failed for path
[0515/121500:WARNING:quota_manager.cc(1833)] Create directory failed for path
[0515/121500:WARNING:quota_manager.cc(1833)] Create directory failed for path
[0515/121503:WARNING:quota_manager.cc(1833)] Create directory failed for path
[0515/121503:WARNING:quota_manager.cc(1833)] Create directory failed for path
[0515/121511:WARNING:quota_manager.cc(1833)] Create directory failed for path
[0515/121511:WARNING:quota_manager.cc(1833)] Create directory failed for path
[0515/121511:WARNING:quota_manager.cc(1833)] Create directory failed for path
[0515/121517:WARNING:quota_manager.cc(1833)] Create directory failed for path
[0515/121517:WARNING:quota_manager.cc(1833)] Create directory failed for path
[0515/121517:WARNING:quota_manager.cc(1833)] Create directory failed for path
[0515/121528:WARNING:quota_manager.cc(1833)] Create directory failed for path
[0515/121528:WARNING:quota_manager.cc(1833)] Create directory failed for path
[0515/121528:WARNING:quota_manager.cc(1833)] Create directory failed for path
[0515/121538:WARNING:quota_manager.cc(1833)] Create directory failed for path
[0515/121538:WARNING:quota_manager.cc(1833)] Create directory failed for path
[0515/121538:WARNING:quota_manager.cc(1833)] Create directory failed for path
[0515/121551:WARNING:quota_manager.cc(1833)] Create directory failed for path
[0515/121551:WARNING:quota_manager.cc(1833)] Create directory failed for path
[0515/121551:WARNING:quota_manager.cc(1833)] Create directory failed for path
[0515/121559:WARNING:quota_manager.cc(1833)] Create directory failed for path
[0515/121559:WARNING:quota_manager.cc(1833)] Create directory failed for path
[0515/121559:WARNING:quota_manager.cc(1833)] Create directory failed for path
[0515/121609:WARNING:quota_manager.cc(1833)] Create directory failed for path
[0515/121609:WARNING:quota_manager.cc(1833)] Create directory failed for path
[0515/121609:WARNING:quota_manager.cc(1833)] Create directory failed for path
[0515/121625:WARNING:quota_manager.cc(1833)] Create directory failed for path
[0515/121626:WARNING:quota_manager.cc(1833)] Create directory failed for path
[0515/121626:WARNING:quota_manager.cc(1833)] Create directory failed for path
[0515/121641:WARNING:quota_manager.cc(1833)] Create directory failed for path
[0515/121641:WARNING:quota_manager.cc(1833)] Create directory failed for path
[0515/121641:WARNING:quota_manager.cc(1833)] Create directory failed for path
[0515/121654:WARNING:quota_manager.cc(1833)] Create directory failed for path
[0515/121654:WARNING:quota_manager.cc(1833)] Create directory failed for path
[0515/121654:WARNING:quota_manager.cc(1833)] Create directory failed for path
[0515/121654:WARNING:quota_manager.cc(1833)] Create directory failed for path
[0515/121654:WARNING:quota_manager.cc(1833)] Create directory failed for path
[0515/121655:WARNING:spdy_session.cc(2455)] Received HEADERS for invalid stream 37
[0515/121656:WARNING:quota_manager.cc(1833)] Create directory failed for path
[0515/121659:WARNING:quota_manager.cc(1833)] Create directory failed for path
[0515/121659:WARNING:quota_manager.cc(1833)] Create directory failed for path
[0515/121706:WARNING:quota_manager.cc(1833)] Create directory failed for path
[0515/121755:WARNING:quota_manager.cc(1833)] Create directory failed for path
[0515/121756:WARNING:quota_manager.cc(1833)] Create directory failed for path
[0515/121837:WARNING:quota_manager.cc(1833)] Create directory failed for path
[0515/121837:WARNING:quota_manager.cc(1833)] Create directory failed for path
[0515/121850:WARNING:quota_manager.cc(1833)] Create directory failed for path
[0515/121850:WARNING:quota_manager.cc(1833)] Create directory failed for path
[0515/121850:WARNING:quota_manager.cc(1833)] Create directory failed for path
[0515/121914:WARNING:quota_manager.cc(1833)] Create directory failed for path
[0515/121914:WARNING:quota_manager.cc(1833)] Create directory failed for path
[0515/121928:WARNING:quota_manager.cc(1833)] Create directory failed for path
[0515/121928:WARNING:quota_manager.cc(1833)] Create directory failed for path
[0515/121928:WARNING:quota_manager.cc(1833)] Create directory failed for path
[0515/121928:WARNING:quota_manager.cc(1833)] Create directory failed for path
[0515/121928:WARNING:quota_manager.cc(1833)] Create directory failed for path
[0515/121935:WARNING:quota_manager.cc(1833)] Create directory failed for path
[0515/121958:WARNING:quota_manager.cc(1833)] Create directory failed for path
[0515/121958:WARNING:quota_manager.cc(1833)] Create directory failed for path
[0515/121958:WARNING:quota_manager.cc(1833)] Create directory failed for path
[0515/122022:WARNING:quota_manager.cc(1833)] Create directory failed for path
[0515/122024:WARNING:quota_manager.cc(1833)] Create directory failed for path
[0515/122024:WARNING:quota_manager.cc(1833)] Create directory failed for path
[0515/122025:WARNING:quota_manager.cc(1833)] Create directory failed for path
[0515/122028:WARNING:quota_manager.cc(1833)] Create directory failed for path
[0515/122028:WARNING:quota_manager.cc(1833)] Create directory failed for path
[0515/122029:WARNING:quota_manager.cc(1833)] Create directory failed for path
[0515/122029:WARNING:quota_manager.cc(1833)] Create directory failed for path
[0515/122032:WARNING:quota_manager.cc(1833)] Create directory failed for path
[0515/122032:WARNING:quota_manager.cc(1833)] Create directory failed for path
[0515/122032:WARNING:quota_manager.cc(1833)] Create directory failed for path
[0515/122032:WARNING:quota_manager.cc(1833)] Create directory failed for path
[0515/122035:WARNING:quota_manager.cc(1833)] Create directory failed for path
[0515/122035:WARNING:quota_manager.cc(1833)] Create directory failed for path
[0515/122047:WARNING:quota_manager.cc(1833)] Create directory failed for path
[0515/122048:WARNING:quota_manager.cc(1833)] Create directory failed for path
[0515/122054:WARNING:quota_manager.cc(1833)] Create directory failed for path
[0515/122054:WARNING:quota_manager.cc(1833)] Create directory failed for path
[0515/122054:WARNING:quota_manager.cc(1833)] Create directory failed for path
[0515/122108:WARNING:quota_manager.cc(1833)] Create directory failed for path
[0515/122108:WARNING:quota_manager.cc(1833)] Create directory failed for path
[0515/122108:WARNING:quota_manager.cc(1833)] Create directory failed for path
[0515/122109:WARNING:quota_manager.cc(1833)] Create directory failed for path
[0515/122112:WARNING:quota_manager.cc(1833)] Create directory failed for path
[0515/122112:WARNING:quota_manager.cc(1833)] Create directory failed for path
[0515/122119:WARNING:quota_manager.cc(1833)] Create directory failed for path
[0515/122120:WARNING:quota_manager.cc(1833)] Create directory failed for path
[0515/122126:WARNING:quota_manager.cc(1833)] Create directory failed for path
[0515/122126:WARNING:quota_manager.cc(1833)] Create directory failed for path
[0515/122126:WARNING:quota_manager.cc(1833)] Create directory failed for path
[0515/122127:WARNING:quota_manager.cc(1833)] Create directory failed for path
[0515/122130:WARNING:quota_manager.cc(1833)] Create directory failed for path
[0515/122130:WARNING:quota_manager.cc(1833)] Create directory failed for path
[0515/122132:WARNING:quota_manager.cc(1833)] Create directory failed for path
[0515/122132:WARNING:quota_manager.cc(1833)] Create directory failed for path
[0515/122137:WARNING:quota_manager.cc(1833)] Create directory failed for path
[0515/122137:WARNING:quota_manager.cc(1833)] Create directory failed for path
[0515/122137:WARNING:quota_manager.cc(1833)] Create directory failed for path
[0515/122157:WARNING:quota_manager.cc(1833)] Create directory failed for path
[0515/122157:WARNING:quota_manager.cc(1833)] Create directory failed for path
[0515/122158:WARNING:quota_manager.cc(1833)] Create directory failed for path
[0515/122201:WARNING:quota_manager.cc(1833)] Create directory failed for path
[0515/122235:WARNING:quota_manager.cc(1833)] Create directory failed for path
[0515/122235:WARNING:quota_manager.cc(1833)] Create directory failed for path
[0515/122302:WARNING:quota_manager.cc(1833)] Create directory failed for path
[0515/122302:WARNING:quota_manager.cc(1833)] Create directory failed for path
[0515/122302:WARNING:quota_manager.cc(1833)] Create directory failed for path
[0515/122320:WARNING:quota_manager.cc(1833)] Create directory failed for path
[0515/122320:WARNING:quota_manager.cc(1833)] Create directory failed for path
[0515/122320:WARNING:quota_manager.cc(1833)] Create directory failed for path
[0515/122321:WARNING:quota_manager.cc(1833)] Create directory failed for path
[0515/122330:WARNING:quota_manager.cc(1833)] Create directory failed for path
[0515/122330:WARNING:quota_manager.cc(1833)] Create directory failed for path
[0515/122330:WARNING:quota_manager.cc(1833)] Create directory failed for path
[0515/122333:WARNING:quota_manager.cc(1833)] Create directory failed for path
[0515/122333:WARNING:quota_manager.cc(1833)] Create directory failed for path
[0515/122333:WARNING:quota_manager.cc(1833)] Create directory failed for path
[0515/122334:WARNING:quota_manager.cc(1833)] Create directory failed for path
[0515/122337:WARNING:quota_manager.cc(1833)] Create directory failed for path
[0515/122337:WARNING:quota_manager.cc(1833)] Create directory failed for path
[0515/123233:WARNING:url_request_job_manager.cc(89)] Failed to map: weixin://resourceid/blank
[0515/123246:ERROR:shell.cc(348)] Cannot client process matching existing identity:Name: exe:content_gpu User: 505C0EE9-3013-43C0-82B0-A84F50CF8D84 Instance: content_gpu
[0515/123246:ERROR:browser_gpu_channel_host_factory.cc(119)] Failed to launch GPU process.
